#
# There is insufficient memory for the Java Runtime Environment to continue.
# Native memory allocation (malloc) failed to allocate 558736 bytes for Chunk::new
# Possible reasons:
#   The system is out of physical RAM or swap space
#   The process is running with CompressedOops enabled, and the Java Heap may be blocking the growth of the native heap
# Possible solutions:
#   Reduce memory load on the system
#   Increase physical memory or swap space
#   Check if swap backing store is full
#   Decrease Java heap size (-Xmx/-Xms)
#   Decrease number of Java threads
#   Decrease Java thread stack sizes (-Xss)
#   Set larger code cache with -XX:ReservedCodeCacheSize=
#   JVM is running with Zero Based Compressed Oops mode in which the Java heap is
#     placed in the first 32GB address space. The Java Heap base address is the
#     maximum limit for the native heap growth. Please use -XX:HeapBaseMinAddress
#     to set the Java Heap base and to place the Java Heap above 32GB virtual address.
# This output file may be truncated or incomplete.
#
#  Out of Memory Error (t:/workspace/open/src/hotspot/share/memory/arena.cpp:197), pid=15108, tid=9624
#
# JRE version: Java(TM) SE Runtime Environment (12.0.2+10) (build 12.0.2+10)
# Java VM: Java HotSpot(TM) 64-Bit Server VM (12.0.2+10, mixed mode, sharing, tiered, compressed oops, g1 gc, windows-amd64)
# No core dump will be written. Minidumps are not enabled by default on client versions of Windows
#

---------------  S U M M A R Y ------------

Command Line: -Dmaven.home=EMBEDDED -Dclassworlds.conf=C:\Users\Murillo Caetano\eclipse-workspace\2020\.metadata\.plugins\org.eclipse.m2e.launching\launches\m2conf12162947819447752473.tmp -Dmaven.multiModuleProjectDirectory=C:\Users\Murillo Caetano\eclipse-workspace\2020\COD-FINAL -Dfile.encoding=Cp1252 org.codehaus.plexus.classworlds.launcher.Launcher -B jetty:run

Host: Intel(R) Core(TM) i5-4210U CPU @ 1.70GHz, 4 cores, 11G,  Windows 10 , 64 bit Build 18362 (10.0.18362.778)
Time: Sun Jun  7 17:10:29 2020 Hora Padrão da Bahia elapsed time: 1 seconds (0d 0h 0m 1s)

---------------  T H R E A D  ---------------

Current thread (0x0000013b7a5de000):  JavaThread "C2 CompilerThread0" daemon [_thread_in_native, id=9624, stack(0x00000029ac200000,0x00000029ac300000)]


Current CompileTask:
C2:   1862 1029       4       java.io.InputStreamReader::read (11 bytes)

Stack: [0x00000029ac200000,0x00000029ac300000]
Native frames: (J=compiled Java code, j=interpreted, Vv=VM code, C=native code)
V  [jvm.dll+0x63aa2a]
V  [jvm.dll+0x78ce1e]
V  [jvm.dll+0x78e4c1]
V  [jvm.dll+0x78eb13]
V  [jvm.dll+0x2627e8]
V  [jvm.dll+0xc55cc]
V  [jvm.dll+0xc5b4c]
V  [jvm.dll+0x37a677]
V  [jvm.dll+0x3463d3]
V  [jvm.dll+0x34579a]
V  [jvm.dll+0x21c205]
V  [jvm.dll+0x21b3da]
V  [jvm.dll+0x199a20]
V  [jvm.dll+0x22a744]
V  [jvm.dll+0x228d98]
V  [jvm.dll+0x7512a0]
V  [jvm.dll+0x74a2c8]
V  [jvm.dll+0x639b16]
C  [ucrtbase.dll+0x20e82]
C  [KERNEL32.DLL+0x17bd4]
C  [ntdll.dll+0x6ce51]


---------------  P R O C E S S  ---------------

Threads class SMR info:
_java_thread_list=0x0000013b7b6a4410, length=11, elements={
0x0000013b57236000, 0x0000013b79ca4000, 0x0000013b79ca6000, 0x0000013b7a5d7800,
0x0000013b7a5d9800, 0x0000013b7a5de000, 0x0000013b7a5e5000, 0x0000013b7a5f1000,
0x0000013b7a723000, 0x0000013b7a729800, 0x0000013b7b67e800
}

Java Threads: ( => current thread )
  0x0000013b57236000 JavaThread "main" [_thread_in_native, id=13928, stack(0x00000029ab700000,0x00000029ab800000)]
  0x0000013b79ca4000 JavaThread "Reference Handler" daemon [_thread_blocked, id=7552, stack(0x00000029abe00000,0x00000029abf00000)]
  0x0000013b79ca6000 JavaThread "Finalizer" daemon [_thread_blocked, id=6800, stack(0x00000029abf00000,0x00000029ac000000)]
  0x0000013b7a5d7800 JavaThread "Signal Dispatcher" daemon [_thread_blocked, id=9012, stack(0x00000029ac000000,0x00000029ac100000)]
  0x0000013b7a5d9800 JavaThread "Attach Listener" daemon [_thread_blocked, id=872, stack(0x00000029ac100000,0x00000029ac200000)]
=>0x0000013b7a5de000 JavaThread "C2 CompilerThread0" daemon [_thread_in_native, id=9624, stack(0x00000029ac200000,0x00000029ac300000)]
  0x0000013b7a5e5000 JavaThread "C1 CompilerThread0" daemon [_thread_blocked, id=13168, stack(0x00000029ac300000,0x00000029ac400000)]
  0x0000013b7a5f1000 JavaThread "Sweeper thread" daemon [_thread_blocked, id=4084, stack(0x00000029ac400000,0x00000029ac500000)]
  0x0000013b7a723000 JavaThread "Service Thread" daemon [_thread_blocked, id=13140, stack(0x00000029ac500000,0x00000029ac600000)]
  0x0000013b7a729800 JavaThread "Common-Cleaner" daemon [_thread_blocked, id=14348, stack(0x00000029ac700000,0x00000029ac800000)]
  0x0000013b7b67e800 JavaThread "C2 CompilerThread1" daemon [_thread_in_native, id=11208, stack(0x00000029acb00000,0x00000029acc00000)]

Other Threads:
  0x0000013b79ca0800 VMThread "VM Thread" [stack: 0x00000029abd00000,0x00000029abe00000] [id=4388]
  0x0000013b7a728800 WatcherThread [stack: 0x00000029ac600000,0x00000029ac700000] [id=4832]
  0x0000013b57287800 GCTaskThread "GC Thread#0" [stack: 0x00000029ab800000,0x00000029ab900000] [id=8712]
  0x0000013b7b0e4800 GCTaskThread "GC Thread#1" [stack: 0x00000029ac800000,0x00000029ac900000] [id=14432]
  0x0000013b7af75800 GCTaskThread "GC Thread#2" [stack: 0x00000029ac900000,0x00000029aca00000] [id=10416]
  0x0000013b7af76800 GCTaskThread "GC Thread#3" [stack: 0x00000029aca00000,0x00000029acb00000] [id=7056]
  0x0000013b5729c800 ConcurrentGCThread "G1 Main Marker" [stack: 0x00000029ab900000,0x00000029aba00000] [id=3556]
  0x0000013b572a0000 ConcurrentGCThread "G1 Conc#0" [stack: 0x00000029aba00000,0x00000029abb00000] [id=13816]
  0x0000013b5730e800 ConcurrentGCThread "G1 Refine#0" [stack: 0x00000029abb00000,0x00000029abc00000] [id=12264]
  0x0000013b79b21000 ConcurrentGCThread "G1 Young RemSet Sampling" [stack: 0x00000029abc00000,0x00000029abd00000] [id=1612]

Threads with active compile tasks:
C2 CompilerThread0  1029       4       java.io.InputStreamReader::read (11 bytes)
C2 CompilerThread1  1031       4       org.codehaus.plexus.util.InterpolationFilterReader::read (477 bytes)

VM state:not at safepoint (normal execution)

VM Mutex/Monitor currently owned by a thread: None

Heap address: 0x0000000741200000, size: 3054 MB, Compressed Oops mode: Zero based, Oop shift amount: 3
Narrow klass base: 0x0000000800000000, Narrow klass shift: 3
Compressed class space size: 1073741824 Address: 0x0000000801190000

Heap:
 garbage-first heap   total 196608K, used 6620K [0x0000000741200000, 0x0000000800000000)
  region size 1024K, 5 young (5120K), 1 survivors (1024K)
 Metaspace       used 5837K, capacity 8007K, committed 8192K, reserved 1056768K
  class space    used 684K, capacity 928K, committed 1024K, reserved 1048576K
Heap Regions: E=young(eden), S=young(survivor), O=old, HS=humongous(starts), HC=humongous(continues), CS=collection set, F=free, A=archive, TAMS=top-at-mark-start (previous, next)
|   0|0x0000000741200000, 0x0000000741300000, 0x0000000741300000|100%| O|  |TAMS 0x0000000741200000, 0x0000000741200000| Untracked 
|   1|0x0000000741300000, 0x0000000741400000, 0x0000000741400000|100%| O|  |TAMS 0x0000000741300000, 0x0000000741300000| Untracked 
|   2|0x0000000741400000, 0x00000007414d2a00, 0x0000000741500000| 82%| O|  |TAMS 0x0000000741400000, 0x0000000741400000| Untracked 
|   3|0x0000000741500000, 0x0000000741500000, 0x0000000741600000|  0%| F|  |TAMS 0x0000000741500000, 0x0000000741500000| Untracked 
|   4|0x0000000741600000, 0x0000000741600000, 0x0000000741700000|  0%| F|  |TAMS 0x0000000741600000, 0x0000000741600000| Untracked 
|   5|0x0000000741700000, 0x0000000741700000, 0x0000000741800000|  0%| F|  |TAMS 0x0000000741700000, 0x0000000741700000| Untracked 
|   6|0x0000000741800000, 0x0000000741800000, 0x0000000741900000|  0%| F|  |TAMS 0x0000000741800000, 0x0000000741800000| Untracked 
|   7|0x0000000741900000, 0x0000000741900000, 0x0000000741a00000|  0%| F|  |TAMS 0x0000000741900000, 0x0000000741900000| Untracked 
|   8|0x0000000741a00000, 0x0000000741a00000, 0x0000000741b00000|  0%| F|  |TAMS 0x0000000741a00000, 0x0000000741a00000| Untracked 
|   9|0x0000000741b00000, 0x0000000741b00000, 0x0000000741c00000|  0%| F|  |TAMS 0x0000000741b00000, 0x0000000741b00000| Untracked 
|  10|0x0000000741c00000, 0x0000000741c00000, 0x0000000741d00000|  0%| F|  |TAMS 0x0000000741c00000, 0x0000000741c00000| Untracked 
|  11|0x0000000741d00000, 0x0000000741d00000, 0x0000000741e00000|  0%| F|  |TAMS 0x0000000741d00000, 0x0000000741d00000| Untracked 
|  12|0x0000000741e00000, 0x0000000741e00000, 0x0000000741f00000|  0%| F|  |TAMS 0x0000000741e00000, 0x0000000741e00000| Untracked 
|  13|0x0000000741f00000, 0x0000000741f00000, 0x0000000742000000|  0%| F|  |TAMS 0x0000000741f00000, 0x0000000741f00000| Untracked 
|  14|0x0000000742000000, 0x0000000742000000, 0x0000000742100000|  0%| F|  |TAMS 0x0000000742000000, 0x0000000742000000| Untracked 
|  15|0x0000000742100000, 0x0000000742100000, 0x0000000742200000|  0%| F|  |TAMS 0x0000000742100000, 0x0000000742100000| Untracked 
|  16|0x0000000742200000, 0x0000000742200000, 0x0000000742300000|  0%| F|  |TAMS 0x0000000742200000, 0x0000000742200000| Untracked 
|  17|0x0000000742300000, 0x0000000742300000, 0x0000000742400000|  0%| F|  |TAMS 0x0000000742300000, 0x0000000742300000| Untracked 
|  18|0x0000000742400000, 0x0000000742400000, 0x0000000742500000|  0%| F|  |TAMS 0x0000000742400000, 0x0000000742400000| Untracked 
|  19|0x0000000742500000, 0x0000000742500000, 0x0000000742600000|  0%| F|  |TAMS 0x0000000742500000, 0x0000000742500000| Untracked 
|  20|0x0000000742600000, 0x0000000742600000, 0x0000000742700000|  0%| F|  |TAMS 0x0000000742600000, 0x0000000742600000| Untracked 
|  21|0x0000000742700000, 0x0000000742700000, 0x0000000742800000|  0%| F|  |TAMS 0x0000000742700000, 0x0000000742700000| Untracked 
|  22|0x0000000742800000, 0x0000000742800000, 0x0000000742900000|  0%| F|  |TAMS 0x0000000742800000, 0x0000000742800000| Untracked 
|  23|0x0000000742900000, 0x0000000742900000, 0x0000000742a00000|  0%| F|  |TAMS 0x0000000742900000, 0x0000000742900000| Untracked 
|  24|0x0000000742a00000, 0x0000000742a00000, 0x0000000742b00000|  0%| F|  |TAMS 0x0000000742a00000, 0x0000000742a00000| Untracked 
|  25|0x0000000742b00000, 0x0000000742b00000, 0x0000000742c00000|  0%| F|  |TAMS 0x0000000742b00000, 0x0000000742b00000| Untracked 
|  26|0x0000000742c00000, 0x0000000742c00000, 0x0000000742d00000|  0%| F|  |TAMS 0x0000000742c00000, 0x0000000742c00000| Untracked 
|  27|0x0000000742d00000, 0x0000000742d00000, 0x0000000742e00000|  0%| F|  |TAMS 0x0000000742d00000, 0x0000000742d00000| Untracked 
|  28|0x0000000742e00000, 0x0000000742e00000, 0x0000000742f00000|  0%| F|  |TAMS 0x0000000742e00000, 0x0000000742e00000| Untracked 
|  29|0x0000000742f00000, 0x0000000742f00000, 0x0000000743000000|  0%| F|  |TAMS 0x0000000742f00000, 0x0000000742f00000| Untracked 
|  30|0x0000000743000000, 0x0000000743000000, 0x0000000743100000|  0%| F|  |TAMS 0x0000000743000000, 0x0000000743000000| Untracked 
|  31|0x0000000743100000, 0x0000000743100000, 0x0000000743200000|  0%| F|  |TAMS 0x0000000743100000, 0x0000000743100000| Untracked 
|  32|0x0000000743200000, 0x0000000743200000, 0x0000000743300000|  0%| F|  |TAMS 0x0000000743200000, 0x0000000743200000| Untracked 
|  33|0x0000000743300000, 0x0000000743300000, 0x0000000743400000|  0%| F|  |TAMS 0x0000000743300000, 0x0000000743300000| Untracked 
|  34|0x0000000743400000, 0x0000000743400000, 0x0000000743500000|  0%| F|  |TAMS 0x0000000743400000, 0x0000000743400000| Untracked 
|  35|0x0000000743500000, 0x0000000743500000, 0x0000000743600000|  0%| F|  |TAMS 0x0000000743500000, 0x0000000743500000| Untracked 
|  36|0x0000000743600000, 0x0000000743600000, 0x0000000743700000|  0%| F|  |TAMS 0x0000000743600000, 0x0000000743600000| Untracked 
|  37|0x0000000743700000, 0x0000000743700000, 0x0000000743800000|  0%| F|  |TAMS 0x0000000743700000, 0x0000000743700000| Untracked 
|  38|0x0000000743800000, 0x0000000743800000, 0x0000000743900000|  0%| F|  |TAMS 0x0000000743800000, 0x0000000743800000| Untracked 
|  39|0x0000000743900000, 0x0000000743900000, 0x0000000743a00000|  0%| F|  |TAMS 0x0000000743900000, 0x0000000743900000| Untracked 
|  40|0x0000000743a00000, 0x0000000743a00000, 0x0000000743b00000|  0%| F|  |TAMS 0x0000000743a00000, 0x0000000743a00000| Untracked 
|  41|0x0000000743b00000, 0x0000000743b00000, 0x0000000743c00000|  0%| F|  |TAMS 0x0000000743b00000, 0x0000000743b00000| Untracked 
|  42|0x0000000743c00000, 0x0000000743c00000, 0x0000000743d00000|  0%| F|  |TAMS 0x0000000743c00000, 0x0000000743c00000| Untracked 
|  43|0x0000000743d00000, 0x0000000743d00000, 0x0000000743e00000|  0%| F|  |TAMS 0x0000000743d00000, 0x0000000743d00000| Untracked 
|  44|0x0000000743e00000, 0x0000000743e00000, 0x0000000743f00000|  0%| F|  |TAMS 0x0000000743e00000, 0x0000000743e00000| Untracked 
|  45|0x0000000743f00000, 0x0000000743f00000, 0x0000000744000000|  0%| F|  |TAMS 0x0000000743f00000, 0x0000000743f00000| Untracked 
|  46|0x0000000744000000, 0x0000000744000000, 0x0000000744100000|  0%| F|  |TAMS 0x0000000744000000, 0x0000000744000000| Untracked 
|  47|0x0000000744100000, 0x0000000744100000, 0x0000000744200000|  0%| F|  |TAMS 0x0000000744100000, 0x0000000744100000| Untracked 
|  48|0x0000000744200000, 0x0000000744200000, 0x0000000744300000|  0%| F|  |TAMS 0x0000000744200000, 0x0000000744200000| Untracked 
|  49|0x0000000744300000, 0x0000000744300000, 0x0000000744400000|  0%| F|  |TAMS 0x0000000744300000, 0x0000000744300000| Untracked 
|  50|0x0000000744400000, 0x0000000744400000, 0x0000000744500000|  0%| F|  |TAMS 0x0000000744400000, 0x0000000744400000| Untracked 
|  51|0x0000000744500000, 0x0000000744500000, 0x0000000744600000|  0%| F|  |TAMS 0x0000000744500000, 0x0000000744500000| Untracked 
|  52|0x0000000744600000, 0x0000000744600000, 0x0000000744700000|  0%| F|  |TAMS 0x0000000744600000, 0x0000000744600000| Untracked 
|  53|0x0000000744700000, 0x0000000744700000, 0x0000000744800000|  0%| F|  |TAMS 0x0000000744700000, 0x0000000744700000| Untracked 
|  54|0x0000000744800000, 0x0000000744800000, 0x0000000744900000|  0%| F|  |TAMS 0x0000000744800000, 0x0000000744800000| Untracked 
|  55|0x0000000744900000, 0x0000000744900000, 0x0000000744a00000|  0%| F|  |TAMS 0x0000000744900000, 0x0000000744900000| Untracked 
|  56|0x0000000744a00000, 0x0000000744a00000, 0x0000000744b00000|  0%| F|  |TAMS 0x0000000744a00000, 0x0000000744a00000| Untracked 
|  57|0x0000000744b00000, 0x0000000744b00000, 0x0000000744c00000|  0%| F|  |TAMS 0x0000000744b00000, 0x0000000744b00000| Untracked 
|  58|0x0000000744c00000, 0x0000000744c00000, 0x0000000744d00000|  0%| F|  |TAMS 0x0000000744c00000, 0x0000000744c00000| Untracked 
|  59|0x0000000744d00000, 0x0000000744d00000, 0x0000000744e00000|  0%| F|  |TAMS 0x0000000744d00000, 0x0000000744d00000| Untracked 
|  60|0x0000000744e00000, 0x0000000744e00000, 0x0000000744f00000|  0%| F|  |TAMS 0x0000000744e00000, 0x0000000744e00000| Untracked 
|  61|0x0000000744f00000, 0x0000000744f00000, 0x0000000745000000|  0%| F|  |TAMS 0x0000000744f00000, 0x0000000744f00000| Untracked 
|  62|0x0000000745000000, 0x0000000745000000, 0x0000000745100000|  0%| F|  |TAMS 0x0000000745000000, 0x0000000745000000| Untracked 
|  63|0x0000000745100000, 0x0000000745100000, 0x0000000745200000|  0%| F|  |TAMS 0x0000000745100000, 0x0000000745100000| Untracked 
|  64|0x0000000745200000, 0x0000000745200000, 0x0000000745300000|  0%| F|  |TAMS 0x0000000745200000, 0x0000000745200000| Untracked 
|  65|0x0000000745300000, 0x0000000745300000, 0x0000000745400000|  0%| F|  |TAMS 0x0000000745300000, 0x0000000745300000| Untracked 
|  66|0x0000000745400000, 0x0000000745400000, 0x0000000745500000|  0%| F|  |TAMS 0x0000000745400000, 0x0000000745400000| Untracked 
|  67|0x0000000745500000, 0x0000000745500000, 0x0000000745600000|  0%| F|  |TAMS 0x0000000745500000, 0x0000000745500000| Untracked 
|  68|0x0000000745600000, 0x0000000745600000, 0x0000000745700000|  0%| F|  |TAMS 0x0000000745600000, 0x0000000745600000| Untracked 
|  69|0x0000000745700000, 0x0000000745700000, 0x0000000745800000|  0%| F|  |TAMS 0x0000000745700000, 0x0000000745700000| Untracked 
|  70|0x0000000745800000, 0x0000000745800000, 0x0000000745900000|  0%| F|  |TAMS 0x0000000745800000, 0x0000000745800000| Untracked 
|  71|0x0000000745900000, 0x0000000745900000, 0x0000000745a00000|  0%| F|  |TAMS 0x0000000745900000, 0x0000000745900000| Untracked 
|  72|0x0000000745a00000, 0x0000000745a00000, 0x0000000745b00000|  0%| F|  |TAMS 0x0000000745a00000, 0x0000000745a00000| Untracked 
|  73|0x0000000745b00000, 0x0000000745b00000, 0x0000000745c00000|  0%| F|  |TAMS 0x0000000745b00000, 0x0000000745b00000| Untracked 
|  74|0x0000000745c00000, 0x0000000745c00000, 0x0000000745d00000|  0%| F|  |TAMS 0x0000000745c00000, 0x0000000745c00000| Untracked 
|  75|0x0000000745d00000, 0x0000000745d00000, 0x0000000745e00000|  0%| F|  |TAMS 0x0000000745d00000, 0x0000000745d00000| Untracked 
|  76|0x0000000745e00000, 0x0000000745e00000, 0x0000000745f00000|  0%| F|  |TAMS 0x0000000745e00000, 0x0000000745e00000| Untracked 
|  77|0x0000000745f00000, 0x0000000745f00000, 0x0000000746000000|  0%| F|  |TAMS 0x0000000745f00000, 0x0000000745f00000| Untracked 
|  78|0x0000000746000000, 0x0000000746000000, 0x0000000746100000|  0%| F|  |TAMS 0x0000000746000000, 0x0000000746000000| Untracked 
|  79|0x0000000746100000, 0x0000000746100000, 0x0000000746200000|  0%| F|  |TAMS 0x0000000746100000, 0x0000000746100000| Untracked 
|  80|0x0000000746200000, 0x0000000746200000, 0x0000000746300000|  0%| F|  |TAMS 0x0000000746200000, 0x0000000746200000| Untracked 
|  81|0x0000000746300000, 0x0000000746300000, 0x0000000746400000|  0%| F|  |TAMS 0x0000000746300000, 0x0000000746300000| Untracked 
|  82|0x0000000746400000, 0x0000000746400000, 0x0000000746500000|  0%| F|  |TAMS 0x0000000746400000, 0x0000000746400000| Untracked 
|  83|0x0000000746500000, 0x0000000746500000, 0x0000000746600000|  0%| F|  |TAMS 0x0000000746500000, 0x0000000746500000| Untracked 
|  84|0x0000000746600000, 0x0000000746600000, 0x0000000746700000|  0%| F|  |TAMS 0x0000000746600000, 0x0000000746600000| Untracked 
|  85|0x0000000746700000, 0x0000000746700000, 0x0000000746800000|  0%| F|  |TAMS 0x0000000746700000, 0x0000000746700000| Untracked 
|  86|0x0000000746800000, 0x0000000746800000, 0x0000000746900000|  0%| F|  |TAMS 0x0000000746800000, 0x0000000746800000| Untracked 
|  87|0x0000000746900000, 0x0000000746900000, 0x0000000746a00000|  0%| F|  |TAMS 0x0000000746900000, 0x0000000746900000| Untracked 
|  88|0x0000000746a00000, 0x0000000746a00000, 0x0000000746b00000|  0%| F|  |TAMS 0x0000000746a00000, 0x0000000746a00000| Untracked 
|  89|0x0000000746b00000, 0x0000000746b00000, 0x0000000746c00000|  0%| F|  |TAMS 0x0000000746b00000, 0x0000000746b00000| Untracked 
|  90|0x0000000746c00000, 0x0000000746c00000, 0x0000000746d00000|  0%| F|  |TAMS 0x0000000746c00000, 0x0000000746c00000| Untracked 
|  91|0x0000000746d00000, 0x0000000746d00000, 0x0000000746e00000|  0%| F|  |TAMS 0x0000000746d00000, 0x0000000746d00000| Untracked 
|  92|0x0000000746e00000, 0x0000000746e00000, 0x0000000746f00000|  0%| F|  |TAMS 0x0000000746e00000, 0x0000000746e00000| Untracked 
|  93|0x0000000746f00000, 0x0000000746f00000, 0x0000000747000000|  0%| F|  |TAMS 0x0000000746f00000, 0x0000000746f00000| Untracked 
|  94|0x0000000747000000, 0x0000000747000000, 0x0000000747100000|  0%| F|  |TAMS 0x0000000747000000, 0x0000000747000000| Untracked 
|  95|0x0000000747100000, 0x0000000747100000, 0x0000000747200000|  0%| F|  |TAMS 0x0000000747100000, 0x0000000747100000| Untracked 
|  96|0x0000000747200000, 0x0000000747200000, 0x0000000747300000|  0%| F|  |TAMS 0x0000000747200000, 0x0000000747200000| Untracked 
|  97|0x0000000747300000, 0x0000000747300000, 0x0000000747400000|  0%| F|  |TAMS 0x0000000747300000, 0x0000000747300000| Untracked 
|  98|0x0000000747400000, 0x0000000747400000, 0x0000000747500000|  0%| F|  |TAMS 0x0000000747400000, 0x0000000747400000| Untracked 
|  99|0x0000000747500000, 0x0000000747500000, 0x0000000747600000|  0%| F|  |TAMS 0x0000000747500000, 0x0000000747500000| Untracked 
| 100|0x0000000747600000, 0x0000000747600000, 0x0000000747700000|  0%| F|  |TAMS 0x0000000747600000, 0x0000000747600000| Untracked 
| 101|0x0000000747700000, 0x0000000747700000, 0x0000000747800000|  0%| F|  |TAMS 0x0000000747700000, 0x0000000747700000| Untracked 
| 102|0x0000000747800000, 0x0000000747800000, 0x0000000747900000|  0%| F|  |TAMS 0x0000000747800000, 0x0000000747800000| Untracked 
| 103|0x0000000747900000, 0x0000000747900000, 0x0000000747a00000|  0%| F|  |TAMS 0x0000000747900000, 0x0000000747900000| Untracked 
| 104|0x0000000747a00000, 0x0000000747a00000, 0x0000000747b00000|  0%| F|  |TAMS 0x0000000747a00000, 0x0000000747a00000| Untracked 
| 105|0x0000000747b00000, 0x0000000747b00000, 0x0000000747c00000|  0%| F|  |TAMS 0x0000000747b00000, 0x0000000747b00000| Untracked 
| 106|0x0000000747c00000, 0x0000000747c00000, 0x0000000747d00000|  0%| F|  |TAMS 0x0000000747c00000, 0x0000000747c00000| Untracked 
| 107|0x0000000747d00000, 0x0000000747d00000, 0x0000000747e00000|  0%| F|  |TAMS 0x0000000747d00000, 0x0000000747d00000| Untracked 
| 108|0x0000000747e00000, 0x0000000747e00000, 0x0000000747f00000|  0%| F|  |TAMS 0x0000000747e00000, 0x0000000747e00000| Untracked 
| 109|0x0000000747f00000, 0x0000000747f00000, 0x0000000748000000|  0%| F|  |TAMS 0x0000000747f00000, 0x0000000747f00000| Untracked 
| 110|0x0000000748000000, 0x0000000748000000, 0x0000000748100000|  0%| F|  |TAMS 0x0000000748000000, 0x0000000748000000| Untracked 
| 111|0x0000000748100000, 0x0000000748100000, 0x0000000748200000|  0%| F|  |TAMS 0x0000000748100000, 0x0000000748100000| Untracked 
| 112|0x0000000748200000, 0x0000000748200000, 0x0000000748300000|  0%| F|  |TAMS 0x0000000748200000, 0x0000000748200000| Untracked 
| 113|0x0000000748300000, 0x0000000748300000, 0x0000000748400000|  0%| F|  |TAMS 0x0000000748300000, 0x0000000748300000| Untracked 
| 114|0x0000000748400000, 0x0000000748400000, 0x0000000748500000|  0%| F|  |TAMS 0x0000000748400000, 0x0000000748400000| Untracked 
| 115|0x0000000748500000, 0x0000000748500000, 0x0000000748600000|  0%| F|  |TAMS 0x0000000748500000, 0x0000000748500000| Untracked 
| 116|0x0000000748600000, 0x0000000748600000, 0x0000000748700000|  0%| F|  |TAMS 0x0000000748600000, 0x0000000748600000| Untracked 
| 117|0x0000000748700000, 0x0000000748700000, 0x0000000748800000|  0%| F|  |TAMS 0x0000000748700000, 0x0000000748700000| Untracked 
| 118|0x0000000748800000, 0x0000000748800000, 0x0000000748900000|  0%| F|  |TAMS 0x0000000748800000, 0x0000000748800000| Untracked 
| 119|0x0000000748900000, 0x0000000748900000, 0x0000000748a00000|  0%| F|  |TAMS 0x0000000748900000, 0x0000000748900000| Untracked 
| 120|0x0000000748a00000, 0x0000000748a00000, 0x0000000748b00000|  0%| F|  |TAMS 0x0000000748a00000, 0x0000000748a00000| Untracked 
| 121|0x0000000748b00000, 0x0000000748b00000, 0x0000000748c00000|  0%| F|  |TAMS 0x0000000748b00000, 0x0000000748b00000| Untracked 
| 122|0x0000000748c00000, 0x0000000748c00000, 0x0000000748d00000|  0%| F|  |TAMS 0x0000000748c00000, 0x0000000748c00000| Untracked 
| 123|0x0000000748d00000, 0x0000000748d00000, 0x0000000748e00000|  0%| F|  |TAMS 0x0000000748d00000, 0x0000000748d00000| Untracked 
| 124|0x0000000748e00000, 0x0000000748e00000, 0x0000000748f00000|  0%| F|  |TAMS 0x0000000748e00000, 0x0000000748e00000| Untracked 
| 125|0x0000000748f00000, 0x0000000748f00000, 0x0000000749000000|  0%| F|  |TAMS 0x0000000748f00000, 0x0000000748f00000| Untracked 
| 126|0x0000000749000000, 0x0000000749000000, 0x0000000749100000|  0%| F|  |TAMS 0x0000000749000000, 0x0000000749000000| Untracked 
| 127|0x0000000749100000, 0x0000000749100000, 0x0000000749200000|  0%| F|  |TAMS 0x0000000749100000, 0x0000000749100000| Untracked 
| 128|0x0000000749200000, 0x0000000749200000, 0x0000000749300000|  0%| F|  |TAMS 0x0000000749200000, 0x0000000749200000| Untracked 
| 129|0x0000000749300000, 0x0000000749300000, 0x0000000749400000|  0%| F|  |TAMS 0x0000000749300000, 0x0000000749300000| Untracked 
| 130|0x0000000749400000, 0x0000000749400000, 0x0000000749500000|  0%| F|  |TAMS 0x0000000749400000, 0x0000000749400000| Untracked 
| 131|0x0000000749500000, 0x0000000749500000, 0x0000000749600000|  0%| F|  |TAMS 0x0000000749500000, 0x0000000749500000| Untracked 
| 132|0x0000000749600000, 0x0000000749600000, 0x0000000749700000|  0%| F|  |TAMS 0x0000000749600000, 0x0000000749600000| Untracked 
| 133|0x0000000749700000, 0x0000000749700000, 0x0000000749800000|  0%| F|  |TAMS 0x0000000749700000, 0x0000000749700000| Untracked 
| 134|0x0000000749800000, 0x0000000749800000, 0x0000000749900000|  0%| F|  |TAMS 0x0000000749800000, 0x0000000749800000| Untracked 
| 135|0x0000000749900000, 0x0000000749900000, 0x0000000749a00000|  0%| F|  |TAMS 0x0000000749900000, 0x0000000749900000| Untracked 
| 136|0x0000000749a00000, 0x0000000749a00000, 0x0000000749b00000|  0%| F|  |TAMS 0x0000000749a00000, 0x0000000749a00000| Untracked 
| 137|0x0000000749b00000, 0x0000000749b00000, 0x0000000749c00000|  0%| F|  |TAMS 0x0000000749b00000, 0x0000000749b00000| Untracked 
| 138|0x0000000749c00000, 0x0000000749c00000, 0x0000000749d00000|  0%| F|  |TAMS 0x0000000749c00000, 0x0000000749c00000| Untracked 
| 139|0x0000000749d00000, 0x0000000749d00000, 0x0000000749e00000|  0%| F|  |TAMS 0x0000000749d00000, 0x0000000749d00000| Untracked 
| 140|0x0000000749e00000, 0x0000000749e00000, 0x0000000749f00000|  0%| F|  |TAMS 0x0000000749e00000, 0x0000000749e00000| Untracked 
| 141|0x0000000749f00000, 0x0000000749f00000, 0x000000074a000000|  0%| F|  |TAMS 0x0000000749f00000, 0x0000000749f00000| Untracked 
| 142|0x000000074a000000, 0x000000074a000000, 0x000000074a100000|  0%| F|  |TAMS 0x000000074a000000, 0x000000074a000000| Untracked 
| 143|0x000000074a100000, 0x000000074a100000, 0x000000074a200000|  0%| F|  |TAMS 0x000000074a100000, 0x000000074a100000| Untracked 
| 144|0x000000074a200000, 0x000000074a200000, 0x000000074a300000|  0%| F|  |TAMS 0x000000074a200000, 0x000000074a200000| Untracked 
| 145|0x000000074a300000, 0x000000074a300000, 0x000000074a400000|  0%| F|  |TAMS 0x000000074a300000, 0x000000074a300000| Untracked 
| 146|0x000000074a400000, 0x000000074a400000, 0x000000074a500000|  0%| F|  |TAMS 0x000000074a400000, 0x000000074a400000| Untracked 
| 147|0x000000074a500000, 0x000000074a500000, 0x000000074a600000|  0%| F|  |TAMS 0x000000074a500000, 0x000000074a500000| Untracked 
| 148|0x000000074a600000, 0x000000074a600000, 0x000000074a700000|  0%| F|  |TAMS 0x000000074a600000, 0x000000074a600000| Untracked 
| 149|0x000000074a700000, 0x000000074a700000, 0x000000074a800000|  0%| F|  |TAMS 0x000000074a700000, 0x000000074a700000| Untracked 
| 150|0x000000074a800000, 0x000000074a800000, 0x000000074a900000|  0%| F|  |TAMS 0x000000074a800000, 0x000000074a800000| Untracked 
| 151|0x000000074a900000, 0x000000074a900000, 0x000000074aa00000|  0%| F|  |TAMS 0x000000074a900000, 0x000000074a900000| Untracked 
| 152|0x000000074aa00000, 0x000000074aa00000, 0x000000074ab00000|  0%| F|  |TAMS 0x000000074aa00000, 0x000000074aa00000| Untracked 
| 153|0x000000074ab00000, 0x000000074ab00000, 0x000000074ac00000|  0%| F|  |TAMS 0x000000074ab00000, 0x000000074ab00000| Untracked 
| 154|0x000000074ac00000, 0x000000074ac00000, 0x000000074ad00000|  0%| F|  |TAMS 0x000000074ac00000, 0x000000074ac00000| Untracked 
| 155|0x000000074ad00000, 0x000000074ad00000, 0x000000074ae00000|  0%| F|  |TAMS 0x000000074ad00000, 0x000000074ad00000| Untracked 
| 156|0x000000074ae00000, 0x000000074ae00000, 0x000000074af00000|  0%| F|  |TAMS 0x000000074ae00000, 0x000000074ae00000| Untracked 
| 157|0x000000074af00000, 0x000000074af00000, 0x000000074b000000|  0%| F|  |TAMS 0x000000074af00000, 0x000000074af00000| Untracked 
| 158|0x000000074b000000, 0x000000074b000000, 0x000000074b100000|  0%| F|  |TAMS 0x000000074b000000, 0x000000074b000000| Untracked 
| 159|0x000000074b100000, 0x000000074b100000, 0x000000074b200000|  0%| F|  |TAMS 0x000000074b100000, 0x000000074b100000| Untracked 
| 160|0x000000074b200000, 0x000000074b200000, 0x000000074b300000|  0%| F|  |TAMS 0x000000074b200000, 0x000000074b200000| Untracked 
| 161|0x000000074b300000, 0x000000074b300000, 0x000000074b400000|  0%| F|  |TAMS 0x000000074b300000, 0x000000074b300000| Untracked 
| 162|0x000000074b400000, 0x000000074b400000, 0x000000074b500000|  0%| F|  |TAMS 0x000000074b400000, 0x000000074b400000| Untracked 
| 163|0x000000074b500000, 0x000000074b500000, 0x000000074b600000|  0%| F|  |TAMS 0x000000074b500000, 0x000000074b500000| Untracked 
| 164|0x000000074b600000, 0x000000074b600000, 0x000000074b700000|  0%| F|  |TAMS 0x000000074b600000, 0x000000074b600000| Untracked 
| 165|0x000000074b700000, 0x000000074b700000, 0x000000074b800000|  0%| F|  |TAMS 0x000000074b700000, 0x000000074b700000| Untracked 
| 166|0x000000074b800000, 0x000000074b800000, 0x000000074b900000|  0%| F|  |TAMS 0x000000074b800000, 0x000000074b800000| Untracked 
| 167|0x000000074b900000, 0x000000074b900000, 0x000000074ba00000|  0%| F|  |TAMS 0x000000074b900000, 0x000000074b900000| Untracked 
| 168|0x000000074ba00000, 0x000000074ba00000, 0x000000074bb00000|  0%| F|  |TAMS 0x000000074ba00000, 0x000000074ba00000| Untracked 
| 169|0x000000074bb00000, 0x000000074bb00000, 0x000000074bc00000|  0%| F|  |TAMS 0x000000074bb00000, 0x000000074bb00000| Untracked 
| 170|0x000000074bc00000, 0x000000074bc00000, 0x000000074bd00000|  0%| F|  |TAMS 0x000000074bc00000, 0x000000074bc00000| Untracked 
| 171|0x000000074bd00000, 0x000000074bd00000, 0x000000074be00000|  0%| F|  |TAMS 0x000000074bd00000, 0x000000074bd00000| Untracked 
| 172|0x000000074be00000, 0x000000074be00000, 0x000000074bf00000|  0%| F|  |TAMS 0x000000074be00000, 0x000000074be00000| Untracked 
| 173|0x000000074bf00000, 0x000000074bf00000, 0x000000074c000000|  0%| F|  |TAMS 0x000000074bf00000, 0x000000074bf00000| Untracked 
| 174|0x000000074c000000, 0x000000074c000000, 0x000000074c100000|  0%| F|  |TAMS 0x000000074c000000, 0x000000074c000000| Untracked 
| 175|0x000000074c100000, 0x000000074c100000, 0x000000074c200000|  0%| F|  |TAMS 0x000000074c100000, 0x000000074c100000| Untracked 
| 176|0x000000074c200000, 0x000000074c200000, 0x000000074c300000|  0%| F|  |TAMS 0x000000074c200000, 0x000000074c200000| Untracked 
| 177|0x000000074c300000, 0x000000074c300000, 0x000000074c400000|  0%| F|  |TAMS 0x000000074c300000, 0x000000074c300000| Untracked 
| 178|0x000000074c400000, 0x000000074c400000, 0x000000074c500000|  0%| F|  |TAMS 0x000000074c400000, 0x000000074c400000| Untracked 
| 179|0x000000074c500000, 0x000000074c500000, 0x000000074c600000|  0%| F|  |TAMS 0x000000074c500000, 0x000000074c500000| Untracked 
| 180|0x000000074c600000, 0x000000074c6a48c8, 0x000000074c700000| 64%| S|CS|TAMS 0x000000074c600000, 0x000000074c600000| Complete 
| 181|0x000000074c700000, 0x000000074c700000, 0x000000074c800000|  0%| F|  |TAMS 0x000000074c700000, 0x000000074c700000| Untracked 
| 182|0x000000074c800000, 0x000000074c800000, 0x000000074c900000|  0%| F|  |TAMS 0x000000074c800000, 0x000000074c800000| Untracked 
| 183|0x000000074c900000, 0x000000074c900000, 0x000000074ca00000|  0%| F|  |TAMS 0x000000074c900000, 0x000000074c900000| Untracked 
| 184|0x000000074ca00000, 0x000000074ca00000, 0x000000074cb00000|  0%| F|  |TAMS 0x000000074ca00000, 0x000000074ca00000| Untracked 
| 185|0x000000074cb00000, 0x000000074cb00000, 0x000000074cc00000|  0%| F|  |TAMS 0x000000074cb00000, 0x000000074cb00000| Untracked 
| 186|0x000000074cc00000, 0x000000074cc00000, 0x000000074cd00000|  0%| F|  |TAMS 0x000000074cc00000, 0x000000074cc00000| Untracked 
| 187|0x000000074cd00000, 0x000000074cd00000, 0x000000074ce00000|  0%| F|  |TAMS 0x000000074cd00000, 0x000000074cd00000| Untracked 
| 188|0x000000074ce00000, 0x000000074ce80800, 0x000000074cf00000| 50%| E|  |TAMS 0x000000074ce00000, 0x000000074ce00000| Complete 
| 189|0x000000074cf00000, 0x000000074d000000, 0x000000074d000000|100%| E|CS|TAMS 0x000000074cf00000, 0x000000074cf00000| Complete 
| 190|0x000000074d000000, 0x000000074d100000, 0x000000074d100000|100%| E|CS|TAMS 0x000000074d000000, 0x000000074d000000| Complete 
| 191|0x000000074d100000, 0x000000074d200000, 0x000000074d200000|100%| E|CS|TAMS 0x000000074d100000, 0x000000074d100000| Complete 

Card table byte_map: [0x0000013b70a80000,0x0000013b71080000] _byte_map_base: 0x0000013b6d077000

Marking Bits (Prev, Next): (CMBitMap*) 0x0000013b572897c8, (CMBitMap*) 0x0000013b57289808
 Prev Bits: [0x0000013b71680000, 0x0000013b74638000)
 Next Bits: [0x0000013b74640000, 0x0000013b775f8000)

Polling page: 0x0000013b57100000

Metaspace:

Usage:
  Non-class:      6.91 MB capacity,     5.04 MB ( 73%) used,     1.86 MB ( 27%) free+waste,     8.25 KB ( <1%) overhead. 
      Class:    928.00 KB capacity,   684.72 KB ( 74%) used,   238.84 KB ( 26%) free+waste,     4.44 KB ( <1%) overhead. 
       Both:      7.82 MB capacity,     5.71 MB ( 73%) used,     2.10 MB ( 27%) free+waste,    12.69 KB ( <1%) overhead. 

Virtual space:
  Non-class space:        8.00 MB reserved,       7.00 MB ( 88%) committed 
      Class space:        1.00 GB reserved,       1.00 MB ( <1%) committed 
             Both:        1.01 GB reserved,       8.00 MB ( <1%) committed 

Chunk freelists:
   Non-Class:  3.00 KB
       Class:  0 bytes
        Both:  3.00 KB

CodeHeap 'non-profiled nmethods': size=120064Kb used=369Kb max_used=369Kb free=119694Kb
 bounds [0x0000013b68920000, 0x0000013b68b90000, 0x0000013b6fe60000]
CodeHeap 'profiled nmethods': size=120000Kb used=2392Kb max_used=2392Kb free=117607Kb
 bounds [0x0000013b613f0000, 0x0000013b61660000, 0x0000013b68920000]
CodeHeap 'non-nmethods': size=5696Kb used=1113Kb max_used=1137Kb free=4582Kb
 bounds [0x0000013b60e60000, 0x0000013b610d0000, 0x0000013b613f0000]
 total_blobs=1794 nmethods=1155 adapters=328
 compilation: enabled
              stopped_count=0, restarted_count=0
 full_count=0

Compilation events (10 events):
Event: 1.831 Thread 0x0000013b7a5e5000 1066       1       java.nio.charset.CharsetDecoder::charset (5 bytes)
Event: 1.831 Thread 0x0000013b7a5e5000 nmethod 1066 0x0000013b6896e610 code [0x0000013b6896e7c0, 0x0000013b6896e8f8]
Event: 1.835 Thread 0x0000013b7b67e800 nmethod 1030 0x0000013b6896e990 code [0x0000013b6896eda0, 0x0000013b68972118]
Event: 1.836 Thread 0x0000013b7b67e800 1051       4       sun.nio.cs.StreamDecoder::implRead (243 bytes)
Event: 1.836 Thread 0x0000013b7a5e5000 1067       2       org.eclipse.sisu.space.URLClassSpace::deferLoadClass (10 bytes)
Event: 1.836 Thread 0x0000013b7a5e5000 nmethod 1067 0x0000013b61623a90 code [0x0000013b61623c60, 0x0000013b61623f18]
Event: 1.836 Thread 0x0000013b7a5e5000 1068       2       org.eclipse.sisu.space.NamedClass::<init> (15 bytes)
Event: 1.837 Thread 0x0000013b7a5e5000 nmethod 1068 0x0000013b61624010 code [0x0000013b616241c0, 0x0000013b616243f8]
Event: 1.837 Thread 0x0000013b7a5e5000 1069       2       org.eclipse.sisu.space.AbstractDeferredClass::<init> (5 bytes)
Event: 1.837 Thread 0x0000013b7a5e5000 nmethod 1069 0x0000013b61624490 code [0x0000013b61624640, 0x0000013b616247b8]

GC Heap History (4 events):
Event: 1.462 GC heap before
{Heap before GC invocations=0 (full 0):
 garbage-first heap   total 196608K, used 13312K [0x0000000741200000, 0x0000000800000000)
  region size 1024K, 14 young (14336K), 0 survivors (0K)
 Metaspace       used 3993K, capacity 6683K, committed 6912K, reserved 1056768K
  class space    used 422K, capacity 700K, committed 768K, reserved 1048576K
}
Event: 1.467 GC heap after
{Heap after GC invocations=1 (full 0):
 garbage-first heap   total 196608K, used 2886K [0x0000000741200000, 0x0000000800000000)
  region size 1024K, 2 young (2048K), 2 survivors (2048K)
 Metaspace       used 3993K, capacity 6683K, committed 6912K, reserved 1056768K
  class space    used 422K, capacity 700K, committed 768K, reserved 1048576K
}
Event: 1.822 GC heap before
{Heap before GC invocations=1 (full 0):
 garbage-first heap   total 196608K, used 14150K [0x0000000741200000, 0x0000000800000000)
  region size 1024K, 13 young (13312K), 2 survivors (2048K)
 Metaspace       used 5632K, capacity 7847K, committed 8064K, reserved 1056768K
  class space    used 655K, capacity 896K, committed 896K, reserved 1048576K
}
Event: 1.826 GC heap after
{Heap after GC invocations=2 (full 0):
 garbage-first heap   total 196608K, used 3548K [0x0000000741200000, 0x0000000800000000)
  region size 1024K, 1 young (1024K), 1 survivors (1024K)
 Metaspace       used 5632K, capacity 7847K, committed 8064K, reserved 1056768K
  class space    used 655K, capacity 896K, committed 896K, reserved 1048576K
}

Deoptimization events (10 events):
Event: 1.001 Thread 0x0000013b57236000 Uncommon trap: reason=unstable_if action=reinterpret pc=0x0000013b68939e04 method=java.lang.StringCoding.hasNegatives([BII)Z @ 12 c2
Event: 1.029 Thread 0x0000013b57236000 Uncommon trap: reason=unstable_if action=reinterpret pc=0x0000013b6894166c method=java.lang.String.startsWith(Ljava/lang/String;I)Z @ 14 c2
Event: 1.238 Thread 0x0000013b57236000 Uncommon trap: reason=unstable_if action=reinterpret pc=0x0000013b68929a18 method=java.lang.StringLatin1.canEncode(I)Z @ 4 c2
Event: 1.239 Thread 0x0000013b57236000 Uncommon trap: reason=unstable_if action=reinterpret pc=0x0000013b6892a2fc method=java.lang.AbstractStringBuilder.isLatin1()Z @ 10 c2
Event: 1.243 Thread 0x0000013b57236000 Uncommon trap: reason=unstable_if action=reinterpret pc=0x0000013b68927254 method=java.lang.StringLatin1.canEncode(I)Z @ 4 c2
Event: 1.654 Thread 0x0000013b57236000 Uncommon trap: reason=bimorphic_or_optimized_type_check action=maybe_recompile pc=0x0000013b68964128 method=java.util.HashMap.putVal(ILjava/lang/Object;Ljava/lang/Object;ZZ)Ljava/lang/Object; @ 91 c2
Event: 1.654 Thread 0x0000013b57236000 Uncommon trap: reason=bimorphic_or_optimized_type_check action=maybe_recompile pc=0x0000013b68964128 method=java.util.HashMap.putVal(ILjava/lang/Object;Ljava/lang/Object;ZZ)Ljava/lang/Object; @ 91 c2
Event: 1.654 Thread 0x0000013b57236000 Uncommon trap: reason=bimorphic_or_optimized_type_check action=maybe_recompile pc=0x0000013b68964128 method=java.util.HashMap.putVal(ILjava/lang/Object;Ljava/lang/Object;ZZ)Ljava/lang/Object; @ 91 c2
Event: 1.655 Thread 0x0000013b57236000 Uncommon trap: reason=bimorphic_or_optimized_type_check action=maybe_recompile pc=0x0000013b68964128 method=java.util.HashMap.putVal(ILjava/lang/Object;Ljava/lang/Object;ZZ)Ljava/lang/Object; @ 91 c2
Event: 1.774 Thread 0x0000013b57236000 Uncommon trap: reason=unstable_if action=reinterpret pc=0x0000013b6896b470 method=java.nio.charset.CoderResult.isOverflow()Z @ 5 c2

Classes redefined (0 events):
No events

Internal exceptions (3 events):
Event: 0.332 Thread 0x0000013b57236000 Exception <a 'java/lang/NoSuchMethodError'{0x000000074ce23c00}: java.lang.invoke.DirectMethodHandle$Holder.invokeSpecialIFC(Ljava/lang/Object;Ljava/lang/Object;I)I> (0x000000074ce23c00) thrown at [t:/workspace/open/src/hotspot/share/interpreter/linkResolv
Event: 0.436 Thread 0x0000013b57236000 Exception <a 'java/lang/NoSuchMethodError'{0x000000074cd18d28}: java.lang.invoke.DirectMethodHandle$Holder.invokeStaticInit(Ljava/lang/Object;IIII)Ljava/lang/Object;> (0x000000074cd18d28) thrown at [t:/workspace/open/src/hotspot/share/interpreter/linkReso
Event: 0.908 Thread 0x0000013b57236000 Exception <a 'java/lang/NoSuchMethodError'{0x000000074cd68dd8}: java.lang.invoke.DirectMethodHandle$Holder.invokeStaticInit(Ljava/lang/Object;Ljava/lang/Object;IIII)Ljava/lang/Object;> (0x000000074cd68dd8) thrown at [t:/workspace/open/src/hotspot/share/in

Events (10 events):
Event: 1.843 loading class org/apache/maven/repository/MirrorSelector
Event: 1.843 loading class org/apache/maven/repository/MirrorSelector done
Event: 1.844 loading class org/apache/maven/repository/RepositorySystem
Event: 1.844 loading class org/apache/maven/repository/RepositorySystem done
Event: 1.844 loading class org/apache/maven/repository/legacy/UpdateCheckManager
Event: 1.845 loading class org/apache/maven/repository/legacy/UpdateCheckManager done
Event: 1.845 loading class org/apache/maven/repository/legacy/repository/ArtifactRepositoryFactory
Event: 1.845 loading class org/apache/maven/repository/legacy/repository/ArtifactRepositoryFactory done
Event: 1.847 Thread 0x0000013b57236000 Uncommon trap: trap_request=0xffffff4d fr.pc=0x0000013b68971754 relative=0x00000000000029b4
Event: 1.847 Executing VM operation: RevokeBias


Dynamic libraries:
0x00007ff64d460000 - 0x00007ff64d46f000 	C:\Program Files\Java\jdk-12.0.2\bin\javaw.exe
0x00007fff61e40000 - 0x00007fff62030000 	C:\WINDOWS\SYSTEM32\ntdll.dll
0x00007fff61730000 - 0x00007fff617e2000 	C:\WINDOWS\System32\KERNEL32.DLL
0x00007fff5f550000 - 0x00007fff5f7f4000 	C:\WINDOWS\System32\KERNELBASE.dll
0x00007fff5f800000 - 0x00007fff5f8fa000 	C:\WINDOWS\System32\ucrtbase.dll
0x00007fff5a110000 - 0x00007fff5a128000 	C:\Program Files\Java\jdk-12.0.2\bin\jli.dll
0x00007fff506e0000 - 0x00007fff506f6000 	C:\Program Files\Java\jdk-12.0.2\bin\VCRUNTIME140.dll
0x00007fff607d0000 - 0x00007fff60873000 	C:\WINDOWS\System32\ADVAPI32.dll
0x00007fff61500000 - 0x00007fff6159e000 	C:\WINDOWS\System32\msvcrt.dll
0x00007fff60550000 - 0x00007fff605e7000 	C:\WINDOWS\System32\sechost.dll
0x00007fff60c90000 - 0x00007fff60db0000 	C:\WINDOWS\System32\RPCRT4.dll
0x00007fff50780000 - 0x00007fff50a04000 	C:\WINDOWS\WinSxS\amd64_microsoft.windows.common-controls_6595b64144ccf1df_6.0.18362.836_none_e6c4b943130f18ed\COMCTL32.dll
0x00007fff60950000 - 0x00007fff60c86000 	C:\WINDOWS\System32\combase.dll
0x00007fff60360000 - 0x00007fff604f4000 	C:\WINDOWS\System32\USER32.dll
0x00007fff5fcd0000 - 0x00007fff5fd50000 	C:\WINDOWS\System32\bcryptPrimitives.dll
0x00007fff60520000 - 0x00007fff60546000 	C:\WINDOWS\System32\GDI32.dll
0x00007fff5fa90000 - 0x00007fff5fab1000 	C:\WINDOWS\System32\win32u.dll
0x00007fff5fd50000 - 0x00007fff5fee4000 	C:\WINDOWS\System32\gdi32full.dll
0x00007fff522f0000 - 0x00007fff522fa000 	C:\WINDOWS\SYSTEM32\VERSION.dll
0x00007fff5fc30000 - 0x00007fff5fcce000 	C:\WINDOWS\System32\msvcp_win.dll
0x00007fff605f0000 - 0x00007fff6061e000 	C:\WINDOWS\System32\IMM32.DLL
0x00007fff35eb0000 - 0x00007fff35f5a000 	C:\Program Files\Java\jdk-12.0.2\bin\msvcp140.dll
0x00007fff07000000 - 0x00007fff07b77000 	C:\Program Files\Java\jdk-12.0.2\bin\server\jvm.dll
0x00007fff61870000 - 0x00007fff61878000 	C:\WINDOWS\System32\PSAPI.DLL
0x00007fff579f0000 - 0x00007fff579f9000 	C:\WINDOWS\SYSTEM32\WSOCK32.dll
0x00007fff5a790000 - 0x00007fff5a7b4000 	C:\WINDOWS\SYSTEM32\WINMM.dll
0x00007fff61d90000 - 0x00007fff61dff000 	C:\WINDOWS\System32\WS2_32.dll
0x00007fff5a760000 - 0x00007fff5a78d000 	C:\WINDOWS\SYSTEM32\winmmbase.dll
0x00007fff5f9b0000 - 0x00007fff5f9fa000 	C:\WINDOWS\System32\cfgmgr32.dll
0x00007fff5ed80000 - 0x00007fff5ed91000 	C:\WINDOWS\System32\kernel.appcore.dll
0x00007fff49b90000 - 0x00007fff49ba1000 	C:\Program Files\Java\jdk-12.0.2\bin\verify.dll
0x00007fff42750000 - 0x00007fff42944000 	C:\WINDOWS\SYSTEM32\DBGHELP.DLL
0x00007fff42720000 - 0x00007fff4274a000 	C:\WINDOWS\SYSTEM32\dbgcore.DLL
0x00007fff49220000 - 0x00007fff49246000 	C:\Program Files\Java\jdk-12.0.2\bin\java.dll
0x00007fff49150000 - 0x00007fff49167000 	C:\Program Files\Java\jdk-12.0.2\bin\zip.dll
0x00007fff579e0000 - 0x00007fff579ea000 	C:\Program Files\Java\jdk-12.0.2\bin\jimage.dll
0x00007fff60db0000 - 0x00007fff61494000 	C:\WINDOWS\System32\SHELL32.dll
0x00007fff615a0000 - 0x00007fff61649000 	C:\WINDOWS\System32\shcore.dll
0x00007fff5edd0000 - 0x00007fff5f54e000 	C:\WINDOWS\System32\windows.storage.dll
0x00007fff5eda0000 - 0x00007fff5edc3000 	C:\WINDOWS\System32\profapi.dll
0x00007fff5ed10000 - 0x00007fff5ed5a000 	C:\WINDOWS\System32\powrprof.dll
0x00007fff5ed00000 - 0x00007fff5ed10000 	C:\WINDOWS\System32\UMPDC.dll
0x00007fff614a0000 - 0x00007fff614f2000 	C:\WINDOWS\System32\shlwapi.dll
0x00007fff5fac0000 - 0x00007fff5fad7000 	C:\WINDOWS\System32\cryptsp.dll
0x00007fff48f10000 - 0x00007fff48f29000 	C:\Program Files\Java\jdk-12.0.2\bin\net.dll
0x00007fff53860000 - 0x00007fff53a36000 	C:\WINDOWS\SYSTEM32\urlmon.dll
0x00007fff54080000 - 0x00007fff54170000 	C:\WINDOWS\SYSTEM32\WINHTTP.dll
0x00007fff535b0000 - 0x00007fff53856000 	C:\WINDOWS\SYSTEM32\iertutil.dll
0x00007fff5e740000 - 0x00007fff5e74c000 	C:\WINDOWS\SYSTEM32\CRYPTBASE.DLL
0x00007fff5e570000 - 0x00007fff5e5d7000 	C:\WINDOWS\system32\mswsock.dll
0x00007fff48870000 - 0x00007fff48883000 	C:\Program Files\Java\jdk-12.0.2\bin\nio.dll
0x00007fff5e0e0000 - 0x00007fff5e113000 	C:\WINDOWS\system32\rsaenh.dll
0x00007fff5fa60000 - 0x00007fff5fa86000 	C:\WINDOWS\System32\bcrypt.dll
0x00007fff5ec20000 - 0x00007fff5ec45000 	C:\WINDOWS\SYSTEM32\USERENV.dll
0x00007fff5e280000 - 0x00007fff5e2ba000 	C:\WINDOWS\SYSTEM32\IPHLPAPI.DLL
0x00007fff619e0000 - 0x00007fff619e8000 	C:\WINDOWS\System32\NSI.dll
0x00007fff585f0000 - 0x00007fff58606000 	C:\WINDOWS\SYSTEM32\dhcpcsvc6.DLL
0x00007fff584e0000 - 0x00007fff584fc000 	C:\WINDOWS\SYSTEM32\dhcpcsvc.DLL
0x00007fff5e2c0000 - 0x00007fff5e38b000 	C:\WINDOWS\SYSTEM32\DNSAPI.dll
0x00007fff5a100000 - 0x00007fff5a10a000 	C:\Users\Murillo Caetano\AppData\Local\Temp\jansi-1.17.1-3871206652424021139.dll
0x00007fff59f20000 - 0x00007fff59f2a000 	C:\Users\Murillo Caetano\AppData\Local\Temp\jansi-1.17.1-2818597398074548884.dll

dbghelp: loaded successfully - version: 4.0.5 - missing functions: none
symbol engine: initialized successfully - sym options: 0x614 - pdb path: .;C:\Program Files\Java\jdk-12.0.2\bin;C:\WINDOWS\SYSTEM32;C:\WINDOWS\WinSxS\amd64_microsoft.windows.common-controls_6595b64144ccf1df_6.0.18362.836_none_e6c4b943130f18ed;C:\Program Files\Java\jdk-12.0.2\bin\server;C:\Users\Murillo Caetano\AppData\Local\Temp

VM Arguments:
jvm_args: -Dmaven.home=EMBEDDED -Dclassworlds.conf=C:\Users\Murillo Caetano\eclipse-workspace\2020\.metadata\.plugins\org.eclipse.m2e.launching\launches\m2conf12162947819447752473.tmp -Dmaven.multiModuleProjectDirectory=C:\Users\Murillo Caetano\eclipse-workspace\2020\COD-FINAL -Dfile.encoding=Cp1252 
java_command: org.codehaus.plexus.classworlds.launcher.Launcher -B jetty:run
java_class_path (initial): C:\Users\Murillo Caetano\.p2\pool\plugins\org.eclipse.m2e.maven.runtime_1.14.0.20191209-1923\jars\plexus-classworlds-2.6.0.jar
Launcher Type: SUN_STANDARD

[Global flags]
     intx CICompilerCount                          = 3                                         {product} {ergonomic}
     uint ConcGCThreads                            = 1                                         {product} {ergonomic}
     uint G1ConcRefinementThreads                  = 4                                         {product} {ergonomic}
   size_t G1HeapRegionSize                         = 1048576                                   {product} {ergonomic}
    uintx GCDrainStackTargetSize                   = 64                                        {product} {ergonomic}
   size_t InitialHeapSize                          = 201326592                                 {product} {ergonomic}
   size_t MarkStackSize                            = 4194304                                   {product} {ergonomic}
   size_t MaxHeapSize                              = 3202351104                                {product} {ergonomic}
   size_t MaxNewSize                               = 1920991232                                {product} {ergonomic}
   size_t MinHeapDeltaBytes                        = 1048576                                   {product} {ergonomic}
    uintx NonNMethodCodeHeapSize                   = 5830732                                {pd product} {ergonomic}
    uintx NonProfiledCodeHeapSize                  = 122913754                              {pd product} {ergonomic}
    uintx ProfiledCodeHeapSize                     = 122913754                              {pd product} {ergonomic}
    uintx ReservedCodeCacheSize                    = 251658240                              {pd product} {ergonomic}
     bool SegmentedCodeCache                       = true                                      {product} {ergonomic}
     bool UseCompressedClassPointers               = true                                 {lp64_product} {ergonomic}
     bool UseCompressedOops                        = true                                 {lp64_product} {ergonomic}
     bool UseG1GC                                  = true                                      {product} {ergonomic}
     bool UseLargePagesIndividualAllocation        = false                                  {pd product} {ergonomic}

Logging:
Log output configuration:
 #0: stdout all=warning uptime,level,tags
 #1: stderr all=off uptime,level,tags

Environment Variables:
JAVA_HOME=C:\Program Files\Java\jdk-12.0.2
PATH=C:/Program Files/Java/jdk-12.0.2/bin/server;C:/Program Files/Java/jdk-12.0.2/bin;C:\Program Files\Java\jdk-12.0.2\bin;C:\Program Files\MySQL\MySQL Shell 8.0\bin\;C:\Users\Murillo Caetano\AppData\Local\Programs\Python\Python37\Scripts\;C:\Users\Murillo Caetano\AppData\Local\Programs\Python\Python37\;C:\Users\Murillo Caetano\AppData\Local\Microsoft\WindowsApps;C:\Program Files\Java\jdk-11.0.4\bin;C:\Users\Murillo Caetano\AppData\Local\JetBrains\PyCharm Community Edition 2019.2\bin;;C:\Users\Murillo Caetano\AppData\Local\Programs\Microsoft VS Code\bin;C:\Src\flutter\bin;C:\apache-maven-3.6.3\bin;C:\Program Files\Java\jdk-12.0.2;;C:\Users\Murillo Caetano\Desktop;
USERNAME=Murillo Caetano
OS=Windows_NT
PROCESSOR_IDENTIFIER=Intel64 Family 6 Model 69 Stepping 1, GenuineIntel



---------------  S Y S T E M  ---------------

OS: Windows 10 , 64 bit Build 18362 (10.0.18362.778)

CPU:total 4 (initial active 4) (2 cores per cpu, 2 threads per core) family 6 model 69 stepping 1, cmov, cx8, fxsr, mmx, sse, sse2, sse3, ssse3, sse4.1, sse4.2, popcnt, avx, avx2, aes, clmul, erms, lzcnt, ht, tsc, tscinvbit, bmi1, bmi2, fma

Memory: 4k page, system-wide physical 12215M (5605M free)
TotalPageFile size 26455M (AvailPageFile size 3M)
current process WorkingSet (physical memory assigned to process): 76M, peak: 76M
current process commit charge ("private bytes"): 285M, peak: 285M

vm_info: Java HotSpot(TM) 64-Bit Server VM (12.0.2+10) for windows-amd64 JRE (12.0.2+10), built on Jul 16 2019 01:56:17 by "mach5one" with MS VC++ 15.5 (VS2017)

END.
